<?xml version="1.0" encoding="UTF-8"?>
<testng-results skipped="0" failed="0" ignored="0" total="1" passed="1">
  <reporter-output>
  </reporter-output>
  <suite name="Default suite" duration-ms="27700" started-at="2020-10-31T15:30:13Z" finished-at="2020-10-31T15:30:41Z">
    <groups>
    </groups>
    <test name="Default test" duration-ms="27700" started-at="2020-10-31T15:30:13Z" finished-at="2020-10-31T15:30:41Z">
      <class name="Tests.GreenCard">
        <test-method status="PASS" signature="setUp()[pri:0, instance:Tests.GreenCard@43301423]" name="setUp" is-config="true" duration-ms="6612" started-at="2020-10-31T15:30:13Z" finished-at="2020-10-31T15:30:20Z">
          <reporter-output>
          </reporter-output>
        </test-method> <!-- setUp -->
        <test-method status="PASS" signature="registrTo()[pri:0, instance:Tests.GreenCard@43301423]" name="registrTo" duration-ms="21071" started-at="2020-10-31T15:30:20Z" finished-at="2020-10-31T15:30:41Z">
          <reporter-output>
          </reporter-output>
        </test-method> <!-- registrTo -->
      </class> <!-- Tests.GreenCard -->
    </test> <!-- Default test -->
  </suite> <!-- Default suite -->
</testng-results>
