<?xml version="1.0" encoding="UTF-8"?>
<testng-results skipped="0" failed="0" ignored="0" total="1" passed="1">
  <reporter-output>
  </reporter-output>
  <suite name="Default suite" duration-ms="28924" started-at="2020-10-31T14:49:54Z" finished-at="2020-10-31T14:50:23Z">
    <groups>
    </groups>
    <test name="Default test" duration-ms="28924" started-at="2020-10-31T14:49:54Z" finished-at="2020-10-31T14:50:23Z">
      <class name="Tests.GreenCard">
        <test-method status="PASS" signature="setUp()[pri:0, instance:Tests.GreenCard@43301423]" name="setUp" is-config="true" duration-ms="7396" started-at="2020-10-31T14:49:54Z" finished-at="2020-10-31T14:50:01Z">
          <reporter-output>
          </reporter-output>
        </test-method> <!-- setUp -->
        <test-method status="PASS" signature="registrTo()[pri:0, instance:Tests.GreenCard@43301423]" name="registrTo" duration-ms="21466" started-at="2020-10-31T14:50:01Z" finished-at="2020-10-31T14:50:23Z">
          <reporter-output>
          </reporter-output>
        </test-method> <!-- registrTo -->
      </class> <!-- Tests.GreenCard -->
    </test> <!-- Default test -->
  </suite> <!-- Default suite -->
</testng-results>
